BUILD COMMANDS FOR: fasta.gpp

Mon Nov 21 01:14:34 PST 2005

/usr/bin/g++ -c -pipe -Wall -O3 -fomit-frame-pointer -funroll-loops  fasta.c++ -o fasta.c++.o &&  \
        /usr/bin/g++ fasta.c++.o -o fasta.gpp_run -L/usr/local/lib  
fasta.c++:43: error: syntax error before `*' token
fasta.c++:53: error: type specifier omitted for parameter `random'
fasta.c++:53: error: parse error before `*' token
fasta.c++:56: error: `g' was not declared in this scope
fasta.c++:56: error: `n' was not declared in this scope
fasta.c++:56: error: ISO C++ forbids declaration of `pga' with no type
fasta.c++:56: error: ISO C++ forbids initialization of member `pga'
fasta.c++:56: error: making `pga' static
fasta.c++:56: error: ISO C++ forbids in-class initialization of non-const 
   static member `pga'
fasta.c++:56: error: declaration of `int aacids::pga'
fasta.c++:47: error: conflicts with previous declaration `
   aminoacids*aacids::pga'
fasta.c++:56: error: ISO C++ forbids declaration of `init' with no type
fasta.c++:59: error: ISO C++ forbids defining types within return type
fasta.c++:59: error: semicolon missing after declaration of `class aacids'
fasta.c++: In function `int aacids(char*, char*, std::basic_string<char, 
   std::char_traits<char>, std::allocator<char> >)':
fasta.c++:59: error: only constructors take base initializers
fasta.c++:59: confused by earlier errors, bailing out
make[3]: [fasta.gpp_run] Error 1 (ignored)

=================================================================
COMMAND LINE (%A is single numeric argument):

fasta.gpp_run %A
Error, could not exec fasta.gpp_run 25000 (No such file or directory)
PATH=/home/dunham/gp4/shootout/bench/fasta:/home/dunham/gp4/shootout/bench/fasta/tmp:/usr/local/bin:/usr/bin:/bin:/opt/bin:/usr/i686-pc-linux-gnu/gcc-bin/3.3.5-20050130:/opt/ghc/bin:/opt/blackdown-jdk-1.4.2.02/bin:/opt/blackdown-jdk-1.4.2.02/jre/bin:/usr/qt/3/bin:/usr/kde/3.4/bin
TEST FAILED - Child processed exited with error code (1)


PROGRAM OUTPUT
==============
